\BOOKMARK [1][-]{section.1}{General information}{}% 1
\BOOKMARK [2][-]{subsection.1.1}{Obtaining molSimplify}{section.1}% 2
\BOOKMARK [2][-]{subsection.1.2}{Citing molSimplify}{section.1}% 3
\BOOKMARK [2][-]{subsection.1.3}{License}{section.1}% 4
\BOOKMARK [3][-]{subsubsection.1.3.1}{molSimplify}{subsection.1.3}% 5
\BOOKMARK [3][-]{subsubsection.1.3.2}{Pybrain}{subsection.1.3}% 6
\BOOKMARK [2][-]{subsection.1.4}{Acknowledgments}{section.1}% 7
\BOOKMARK [1][-]{section.2}{Installation}{}% 8
\BOOKMARK [2][-]{subsection.2.1}{System requirements}{section.2}% 9
\BOOKMARK [2][-]{subsection.2.2}{Conda Package}{section.2}% 10
\BOOKMARK [2][-]{subsection.2.3}{From source}{section.2}% 11
\BOOKMARK [3][-]{subsubsection.2.3.1}{Linux}{subsection.2.3}% 12
\BOOKMARK [3][-]{subsubsection.2.3.2}{Mac OSX}{subsection.2.3}% 13
\BOOKMARK [2][-]{subsection.2.4}{Binaries}{section.2}% 14
\BOOKMARK [3][-]{subsubsection.2.4.1}{Linux}{subsection.2.4}% 15
\BOOKMARK [3][-]{subsubsection.2.4.2}{Mac OSX}{subsection.2.4}% 16
\BOOKMARK [2][-]{subsection.2.5}{Installed files}{section.2}% 17
\BOOKMARK [2][-]{subsection.2.6}{Databases \046 Post-processing}{section.2}% 18
\BOOKMARK [3][-]{subsubsection.2.6.1}{Chemical database setup}{subsection.2.6}% 19
\BOOKMARK [3][-]{subsubsection.2.6.2}{Multiwfn setup}{subsection.2.6}% 20
\BOOKMARK [1][-]{section.3}{GUI overview}{}% 21
\BOOKMARK [1][-]{section.4}{Structure generation module}{}% 22
\BOOKMARK [2][-]{subsection.4.1}{Building simple structures}{section.4}% 23
\BOOKMARK [2][-]{subsection.4.2}{Building more complicated structures}{section.4}% 24
\BOOKMARK [2][-]{subsection.4.3}{Force field optimization}{section.4}% 25
\BOOKMARK [2][-]{subsection.4.4}{Smart alignment \046 Force order}{section.4}% 26
\BOOKMARK [2][-]{subsection.4.5}{Custom angles}{section.4}% 27
\BOOKMARK [2][-]{subsection.4.6}{Building custom structures}{section.4}% 28
\BOOKMARK [2][-]{subsection.4.7}{Replacing existing ligands}{section.4}% 29
\BOOKMARK [2][-]{subsection.4.8}{Additional molecule placement}{section.4}% 30
\BOOKMARK [1][-]{section.5}{Random generation module}{}% 31
\BOOKMARK [1][-]{section.6}{Input files \046 jobscripts}{}% 32
\BOOKMARK [2][-]{subsection.6.1}{Input file generation}{section.6}% 33
\BOOKMARK [2][-]{subsection.6.2}{Jobscript generation}{section.6}% 34
\BOOKMARK [1][-]{section.7}{Similarity search \046 screening}{}% 35
\BOOKMARK [1][-]{section.8}{Post processing}{}% 36
\BOOKMARK [1][-]{section.9}{Extras}{}% 37
\BOOKMARK [2][-]{subsection.9.1}{Updating the database}{section.9}% 38
\BOOKMARK [2][-]{subsection.9.2}{Add geometry}{section.9}% 39
\BOOKMARK [1][-]{section.10}{Command line options}{}% 40
