This is pdfTeX, Version 3.1415926-2.5-1.40.14 (TeX Live 2013/Debian) (format=pdflatex 2016.1.18)  2 DEC 2016 11:59
entering extended mode
 restricted \write18 enabled.
 %&-line parsing enabled.
**USER_GUIDE.tex
(./USER_GUIDE.tex
LaTeX2e <2011/06/27>
Babel <3.9h> and hyphenation patterns for 4 languages loaded.
(./assignment.cls
Document Class: assignment 2013/09/06 1.0 LaTeX document class (Finik).
(/usr/share/texlive/texmf-dist/tex/latex/base/article.cls
Document Class: article 2007/10/19 v1.4h Standard LaTeX document class
(/usr/share/texlive/texmf-dist/tex/latex/base/size12.clo
File: size12.clo 2007/10/19 v1.4h Standard LaTeX file (size option)
)
\c@part=\count79
\c@section=\count80
\c@subsection=\count81
\c@subsubsection=\count82
\c@paragraph=\count83
\c@subparagraph=\count84
\c@figure=\count85
\c@table=\count86
\abovecaptionskip=\skip41
\belowcaptionskip=\skip42
\bibindent=\dimen102
)
(/usr/share/texlive/texmf-dist/tex/latex/base/ifthen.sty
Package: ifthen 2001/05/26 v1.1c Standard LaTeX ifthen package (DPC)
)
(/usr/share/texlive/texmf-dist/tex/latex/graphics/graphicx.sty
Package: graphicx 1999/02/16 v1.0f Enhanced LaTeX Graphics (DPC,SPQR)

(/usr/share/texlive/texmf-dist/tex/latex/graphics/keyval.sty
Package: keyval 1999/03/16 v1.13 key=value parser (DPC)
\KV@toks@=\toks14
)
(/usr/share/texlive/texmf-dist/tex/latex/graphics/graphics.sty
Package: graphics 2009/02/05 v1.0o Standard LaTeX Graphics (DPC,SPQR)

(/usr/share/texlive/texmf-dist/tex/latex/graphics/trig.sty
Package: trig 1999/03/16 v1.09 sin cos tan (DPC)
)
(/usr/share/texlive/texmf-dist/tex/latex/latexconfig/graphics.cfg
File: graphics.cfg 2010/04/23 v1.9 graphics configuration of TeX Live
)
Package graphics Info: Driver file: pdftex.def on input line 91.

(/usr/share/texlive/texmf-dist/tex/latex/pdftex-def/pdftex.def
File: pdftex.def 2011/05/27 v0.06d Graphics/color for pdfTeX

(/usr/share/texlive/texmf-dist/tex/generic/oberdiek/infwarerr.sty
Package: infwarerr 2010/04/08 v1.3 Providing info/warning/error messages (HO)
)
(/usr/share/texlive/texmf-dist/tex/generic/oberdiek/ltxcmds.sty
Package: ltxcmds 2011/11/09 v1.22 LaTeX kernel commands for general use (HO)
)
\Gread@gobject=\count87
))
\Gin@req@height=\dimen103
\Gin@req@width=\dimen104
)
(/usr/share/texlive/texmf-dist/tex/latex/amsfonts/amsfonts.sty
Package: amsfonts 2013/01/14 v3.01 Basic AMSFonts support
\@emptytoks=\toks15
\symAMSa=\mathgroup4
\symAMSb=\mathgroup5
LaTeX Font Info:    Overwriting math alphabet `\mathfrak' in version `bold'
(Font)                  U/euf/m/n --> U/euf/b/n on input line 106.
)
(/usr/share/texlive/texmf-dist/tex/latex/amsmath/amsmath.sty
Package: amsmath 2013/01/14 v2.14 AMS math features
\@mathmargin=\skip43

For additional information on amsmath, use the `?' option.
(/usr/share/texlive/texmf-dist/tex/latex/amsmath/amstext.sty
Package: amstext 2000/06/29 v2.01

(/usr/share/texlive/texmf-dist/tex/latex/amsmath/amsgen.sty
File: amsgen.sty 1999/11/30 v2.0
\@emptytoks=\toks16
\ex@=\dimen105
))
(/usr/share/texlive/texmf-dist/tex/latex/amsmath/amsbsy.sty
Package: amsbsy 1999/11/29 v1.2d
\pmbraise@=\dimen106
)
(/usr/share/texlive/texmf-dist/tex/latex/amsmath/amsopn.sty
Package: amsopn 1999/12/14 v2.01 operator names
)
\inf@bad=\count88
LaTeX Info: Redefining \frac on input line 210.
\uproot@=\count89
\leftroot@=\count90
LaTeX Info: Redefining \overline on input line 306.
\classnum@=\count91
\DOTSCASE@=\count92
LaTeX Info: Redefining \ldots on input line 378.
LaTeX Info: Redefining \dots on input line 381.
LaTeX Info: Redefining \cdots on input line 466.
\Mathstrutbox@=\box26
\strutbox@=\box27
\big@size=\dimen107
LaTeX Font Info:    Redeclaring font encoding OML on input line 566.
LaTeX Font Info:    Redeclaring font encoding OMS on input line 567.
\macc@depth=\count93
\c@MaxMatrixCols=\count94
\dotsspace@=\muskip10
\c@parentequation=\count95
\dspbrk@lvl=\count96
\tag@help=\toks17
\row@=\count97
\column@=\count98
\maxfields@=\count99
\andhelp@=\toks18
\eqnshift@=\dimen108
\alignsep@=\dimen109
\tagshift@=\dimen110
\tagwidth@=\dimen111
\totwidth@=\dimen112
\lineht@=\dimen113
\@envbody=\toks19
\multlinegap=\skip44
\multlinetaggap=\skip45
\mathdisplay@stack=\toks20
LaTeX Info: Redefining \[ on input line 2665.
LaTeX Info: Redefining \] on input line 2666.
)
(/usr/share/texlive/texmf-dist/tex/latex/etoolbox/etoolbox.sty
Package: etoolbox 2011/01/03 v2.1 e-TeX tools for LaTeX

(/usr/share/texlive/texmf-dist/tex/latex/etex-pkg/etex.sty
Package: etex 1998/03/26 v2.0 eTeX basic definition package (PEB)
\et@xins=\count100
)
\etb@tempcnta=\count101
)
(/usr/share/texlive/texmf-dist/tex/latex/amsfonts/amssymb.sty
Package: amssymb 2013/01/14 v3.01 AMS font symbols
) (./dates.sty)
(/usr/share/texlive/texmf-dist/tex/latex/hyperref/hyperref.sty
Package: hyperref 2012/11/06 v6.83m Hypertext links for LaTeX

(/usr/share/texlive/texmf-dist/tex/generic/oberdiek/hobsub-hyperref.sty
Package: hobsub-hyperref 2012/05/28 v1.13 Bundle oberdiek, subset hyperref (HO)


(/usr/share/texlive/texmf-dist/tex/generic/oberdiek/hobsub-generic.sty
Package: hobsub-generic 2012/05/28 v1.13 Bundle oberdiek, subset generic (HO)
Package: hobsub 2012/05/28 v1.13 Construct package bundles (HO)
Package hobsub Info: Skipping package `infwarerr' (already loaded).
Package hobsub Info: Skipping package `ltxcmds' (already loaded).
Package: ifluatex 2010/03/01 v1.3 Provides the ifluatex switch (HO)
Package ifluatex Info: LuaTeX not detected.
Package: ifvtex 2010/03/01 v1.5 Detect VTeX and its facilities (HO)
Package ifvtex Info: VTeX not detected.
Package: intcalc 2007/09/27 v1.1 Expandable calculations with integers (HO)
Package: ifpdf 2011/01/30 v2.3 Provides the ifpdf switch (HO)
Package ifpdf Info: pdfTeX in PDF mode is detected.
Package: etexcmds 2011/02/16 v1.5 Avoid name clashes with e-TeX commands (HO)
Package etexcmds Info: Could not find \expanded.
(etexcmds)             That can mean that you are not using pdfTeX 1.50 or
(etexcmds)             that some package has redefined \expanded.
(etexcmds)             In the latter case, load this package earlier.
Package: kvsetkeys 2012/04/25 v1.16 Key value parser (HO)
Package: kvdefinekeys 2011/04/07 v1.3 Define keys (HO)
Package: pdftexcmds 2011/11/29 v0.20 Utility functions of pdfTeX for LuaTeX (HO
)
Package pdftexcmds Info: LuaTeX not detected.
Package pdftexcmds Info: \pdf@primitive is available.
Package pdftexcmds Info: \pdf@ifprimitive is available.
Package pdftexcmds Info: \pdfdraftmode found.
Package: pdfescape 2011/11/25 v1.13 Implements pdfTeX's escape features (HO)
Package: bigintcalc 2012/04/08 v1.3 Expandable calculations on big integers (HO
)
Package: bitset 2011/01/30 v1.1 Handle bit-vector datatype (HO)
Package: uniquecounter 2011/01/30 v1.2 Provide unlimited unique counter (HO)
)
Package hobsub Info: Skipping package `hobsub' (already loaded).
Package: letltxmacro 2010/09/02 v1.4 Let assignment for LaTeX macros (HO)
Package: hopatch 2012/05/28 v1.2 Wrapper for package hooks (HO)
Package: xcolor-patch 2011/01/30 xcolor patch
Package: atveryend 2011/06/30 v1.8 Hooks at the very end of document (HO)
Package: atbegshi 2011/10/05 v1.16 At begin shipout hook (HO)
Package: refcount 2011/10/16 v3.4 Data extraction from label references (HO)
Package: hycolor 2011/01/30 v1.7 Color options for hyperref/bookmark (HO)
)
(/usr/share/texlive/texmf-dist/tex/generic/ifxetex/ifxetex.sty
Package: ifxetex 2010/09/12 v0.6 Provides ifxetex conditional
)
(/usr/share/texlive/texmf-dist/tex/latex/oberdiek/auxhook.sty
Package: auxhook 2011/03/04 v1.3 Hooks for auxiliary files (HO)
)
(/usr/share/texlive/texmf-dist/tex/latex/oberdiek/kvoptions.sty
Package: kvoptions 2011/06/30 v3.11 Key value format for package options (HO)
)
\@linkdim=\dimen114
\Hy@linkcounter=\count102
\Hy@pagecounter=\count103

(/usr/share/texlive/texmf-dist/tex/latex/hyperref/pd1enc.def
File: pd1enc.def 2012/11/06 v6.83m Hyperref: PDFDocEncoding definition (HO)
)
\Hy@SavedSpaceFactor=\count104

(/usr/share/texlive/texmf-dist/tex/latex/latexconfig/hyperref.cfg
File: hyperref.cfg 2002/06/06 v1.2 hyperref configuration of TeXLive
)
Package hyperref Info: Hyper figures OFF on input line 4443.
Package hyperref Info: Link nesting OFF on input line 4448.
Package hyperref Info: Hyper index ON on input line 4451.
Package hyperref Info: Plain pages OFF on input line 4458.
Package hyperref Info: Backreferencing OFF on input line 4463.
Package hyperref Info: Implicit mode ON; LaTeX internals redefined.
Package hyperref Info: Bookmarks ON on input line 4688.
\c@Hy@tempcnt=\count105

(/usr/share/texlive/texmf-dist/tex/latex/url/url.sty
\Urlmuskip=\muskip11
Package: url 2013/09/16  ver 3.4  Verb mode for urls, etc.
)
LaTeX Info: Redefining \url on input line 5041.
\XeTeXLinkMargin=\dimen115
\Fld@menulength=\count106
\Field@Width=\dimen116
\Fld@charsize=\dimen117
Package hyperref Info: Hyper figures OFF on input line 6295.
Package hyperref Info: Link nesting OFF on input line 6300.
Package hyperref Info: Hyper index ON on input line 6303.
Package hyperref Info: backreferencing OFF on input line 6310.
Package hyperref Info: Link coloring OFF on input line 6315.
Package hyperref Info: Link coloring with OCG OFF on input line 6320.
Package hyperref Info: PDF/A mode OFF on input line 6325.
LaTeX Info: Redefining \ref on input line 6365.
LaTeX Info: Redefining \pageref on input line 6369.
\Hy@abspage=\count107
\c@Item=\count108
\c@Hfootnote=\count109
)

Package hyperref Message: Driver (autodetected): hpdftex.

(/usr/share/texlive/texmf-dist/tex/latex/hyperref/hpdftex.def
File: hpdftex.def 2012/11/06 v6.83m Hyperref driver for pdfTeX
\Fld@listcount=\count110
\c@bookmark@seq@number=\count111

(/usr/share/texlive/texmf-dist/tex/latex/oberdiek/rerunfilecheck.sty
Package: rerunfilecheck 2011/04/15 v1.7 Rerun checks for auxiliary files (HO)
Package uniquecounter Info: New unique counter `rerunfilecheck' on input line 2
82.
)
\Hy@SectionHShift=\skip46
)
(/usr/share/texlive/texmf-dist/tex/latex/fancyhdr/fancyhdr.sty
\fancy@headwidth=\skip47
\f@ncyO@elh=\skip48
\f@ncyO@erh=\skip49
\f@ncyO@olh=\skip50
\f@ncyO@orh=\skip51
\f@ncyO@elf=\skip52
\f@ncyO@erf=\skip53
\f@ncyO@olf=\skip54
\f@ncyO@orf=\skip55
)
(/usr/share/texlive/texmf-dist/tex/latex/subfigure/subfigure.sty
Package: subfigure 2002/03/15 v2.1.5 subfigure package
\subfigtopskip=\skip56
\subfigcapskip=\skip57
\subfigcaptopadj=\dimen118
\subfigbottomskip=\skip58
\subfigcapmargin=\dimen119
\subfiglabelskip=\skip59
\c@subfigure=\count112
\c@lofdepth=\count113
\c@subtable=\count114
\c@lotdepth=\count115

****************************************
* Local config file subfigure.cfg used *
****************************************
(/usr/share/texlive/texmf-dist/tex/latex/subfigure/subfigure.cfg)
\subfig@top=\skip60
\subfig@bottom=\skip61
)
(/usr/share/texlive/texmf-dist/tex/latex/tools/tabularx.sty
Package: tabularx 1999/01/07 v2.07 `tabularx' package (DPC)

(/usr/share/texlive/texmf-dist/tex/latex/tools/array.sty
Package: array 2008/09/09 v2.4c Tabular extension package (FMi)
\col@sep=\dimen120
\extrarowheight=\dimen121
\NC@list=\toks21
\extratabsurround=\skip62
\backup@length=\skip63
)
\TX@col@width=\dimen122
\TX@old@table=\dimen123
\TX@old@col=\dimen124
\TX@target=\dimen125
\TX@delta=\dimen126
\TX@cols=\count116
\TX@ftn=\toks22
)
(/usr/share/texlive/texmf-dist/tex/latex/multirow/multirow.sty
\bigstrutjot=\dimen127
)
(/usr/share/texlive/texmf-dist/tex/latex/tools/verbatim.sty
Package: verbatim 2003/08/22 v1.5q LaTeX2e package for verbatim enhancements
\every@verbatim=\toks23
\verbatim@line=\toks24
\verbatim@in@stream=\read1
)
(/usr/share/texlive/texmf-dist/tex/latex/base/latexsym.sty
Package: latexsym 1998/08/17 v2.2e Standard LaTeX package (lasy symbols)
\symlasy=\mathgroup6
LaTeX Font Info:    Overwriting symbol font `lasy' in version `bold'
(Font)                  U/lasy/m/n --> U/lasy/b/n on input line 47.
)
(/usr/share/texlive/texmf-dist/tex/latex/index/index.sty
Package: index 2004/01/20 v4.2beta Improved index support (dmj)
\@indexbox=\insert233
\indexproofstyle=\toks25
)
(/usr/share/texlive/texmf-dist/tex/latex/listings/listings.sty
\lst@mode=\count117
\lst@gtempboxa=\box28
\lst@token=\toks26
\lst@length=\count118
\lst@currlwidth=\dimen128
\lst@column=\count119
\lst@pos=\count120
\lst@lostspace=\dimen129
\lst@width=\dimen130
\lst@newlines=\count121
\lst@lineno=\count122
\lst@maxwidth=\dimen131

(/usr/share/texlive/texmf-dist/tex/latex/listings/lstmisc.sty
File: lstmisc.sty 2013/08/26 1.5b (Carsten Heinz)
\c@lstnumber=\count123
\lst@skipnumbers=\count124
\lst@framebox=\box29
)
(/usr/share/texlive/texmf-dist/tex/latex/listings/listings.cfg
File: listings.cfg 2013/08/26 1.5b listings configuration
))
Package: listings 2013/08/26 1.5b (Carsten Heinz)

(/usr/share/texmf/tex/latex/xcolor/xcolor.sty
Package: xcolor 2007/01/21 v2.11 LaTeX color extensions (UK)

(/usr/share/texlive/texmf-dist/tex/latex/latexconfig/color.cfg
File: color.cfg 2007/01/18 v1.5 color configuration of teTeX/TeXLive
)
Package xcolor Info: Driver file: pdftex.def on input line 225.
Package xcolor Info: Model `cmy' substituted by `cmy0' on input line 1337.
Package xcolor Info: Model `hsb' substituted by `rgb' on input line 1341.
Package xcolor Info: Model `RGB' extended on input line 1353.
Package xcolor Info: Model `HTML' substituted by `rgb' on input line 1355.
Package xcolor Info: Model `Hsb' substituted by `hsb' on input line 1356.
Package xcolor Info: Model `tHsb' substituted by `hsb' on input line 1357.
Package xcolor Info: Model `HSB' substituted by `hsb' on input line 1358.
Package xcolor Info: Model `Gray' substituted by `gray' on input line 1359.
Package xcolor Info: Model `wave' substituted by `hsb' on input line 1360.
)
(/usr/share/texlive/texmf-dist/tex/latex/psnfss/courier.sty
Package: courier 2005/04/12 PSNFSS-v9.2a (WaS) 
)
(/usr/share/texlive/texmf-dist/tex/latex/geometry/geometry.sty
Package: geometry 2010/09/12 v5.6 Page Geometry
\Gm@cnth=\count125
\Gm@cntv=\count126
\c@Gm@tempcnt=\count127
\Gm@bindingoffset=\dimen132
\Gm@wd@mp=\dimen133
\Gm@odd@mp=\dimen134
\Gm@even@mp=\dimen135
\Gm@layoutwidth=\dimen136
\Gm@layoutheight=\dimen137
\Gm@layouthoffset=\dimen138
\Gm@layoutvoffset=\dimen139
\Gm@dimlist=\toks27
))
\@input{preamble.aux}
\openout2 = `preamble.aux'.

(./preamble.tex (/usr/share/texlive/texmf-dist/tex/latex/natbib/natbib.sty
Package: natbib 2010/09/13 8.31b (PWD, AO)
\bibhang=\skip64
\bibsep=\skip65
LaTeX Info: Redefining \cite on input line 694.
\c@NAT@ctr=\count128
)
(/usr/share/texlive/texmf-dist/tex/latex/natbib/bibentry.sty
Package: bibentry 2007/10/30 1.5 (PWD)
)
(/usr/share/texlive/texmf-dist/tex/latex/tcolorbox/tcolorbox.sty
Package: tcolorbox 2014/02/06 version 2.70 text color boxes

(/usr/share/texmf/tex/latex/pgf/basiclayer/pgf.sty
(/usr/share/texmf/tex/latex/pgf/utilities/pgfrcs.sty
(/usr/share/texmf/tex/generic/pgf/utilities/pgfutil-common.tex
\pgfutil@everybye=\toks28
)
(/usr/share/texmf/tex/generic/pgf/utilities/pgfutil-latex.def
\pgfutil@abb=\box30

(/usr/share/texlive/texmf-dist/tex/latex/ms/everyshi.sty
Package: everyshi 2001/05/15 v3.00 EveryShipout Package (MS)
))
(/usr/share/texmf/tex/generic/pgf/utilities/pgfrcs.code.tex
Package: pgfrcs 2010/10/25 v2.10 (rcs-revision 1.24)
))
Package: pgf 2008/01/15 v2.10 (rcs-revision 1.12)

(/usr/share/texmf/tex/latex/pgf/basiclayer/pgfcore.sty
(/usr/share/texmf/tex/latex/pgf/systemlayer/pgfsys.sty
(/usr/share/texmf/tex/generic/pgf/systemlayer/pgfsys.code.tex
Package: pgfsys 2010/06/30 v2.10 (rcs-revision 1.37)

(/usr/share/texmf/tex/generic/pgf/utilities/pgfkeys.code.tex
\pgfkeys@pathtoks=\toks29
\pgfkeys@temptoks=\toks30

(/usr/share/texmf/tex/generic/pgf/utilities/pgfkeysfiltered.code.tex
\pgfkeys@tmptoks=\toks31
))
\pgf@x=\dimen140
\pgf@y=\dimen141
\pgf@xa=\dimen142
\pgf@ya=\dimen143
\pgf@xb=\dimen144
\pgf@yb=\dimen145
\pgf@xc=\dimen146
\pgf@yc=\dimen147
\w@pgf@writea=\write3
\r@pgf@reada=\read2
\c@pgf@counta=\count129
\c@pgf@countb=\count130
\c@pgf@countc=\count131
\c@pgf@countd=\count132

(/usr/share/texmf/tex/generic/pgf/systemlayer/pgf.cfg
File: pgf.cfg 2008/05/14  (rcs-revision 1.7)
)
Package pgfsys Info: Driver file for pgf: pgfsys-pdftex.def on input line 900.

(/usr/share/texmf/tex/generic/pgf/systemlayer/pgfsys-pdftex.def
File: pgfsys-pdftex.def 2009/05/22  (rcs-revision 1.26)

(/usr/share/texmf/tex/generic/pgf/systemlayer/pgfsys-common-pdf.def
File: pgfsys-common-pdf.def 2008/05/19  (rcs-revision 1.10)
)))
(/usr/share/texmf/tex/generic/pgf/systemlayer/pgfsyssoftpath.code.tex
File: pgfsyssoftpath.code.tex 2008/07/18  (rcs-revision 1.7)
\pgfsyssoftpath@smallbuffer@items=\count133
\pgfsyssoftpath@bigbuffer@items=\count134
)
(/usr/share/texmf/tex/generic/pgf/systemlayer/pgfsysprotocol.code.tex
File: pgfsysprotocol.code.tex 2006/10/16  (rcs-revision 1.4)
))
(/usr/share/texmf/tex/generic/pgf/basiclayer/pgfcore.code.tex
Package: pgfcore 2010/04/11 v2.10 (rcs-revision 1.7)

(/usr/share/texmf/tex/generic/pgf/math/pgfmath.code.tex
(/usr/share/texmf/tex/generic/pgf/math/pgfmathcalc.code.tex
(/usr/share/texmf/tex/generic/pgf/math/pgfmathutil.code.tex)
(/usr/share/texmf/tex/generic/pgf/math/pgfmathparser.code.tex
\pgfmath@dimen=\dimen148
\pgfmath@count=\count135
\pgfmath@box=\box31
\pgfmath@toks=\toks32
\pgfmath@stack@operand=\toks33
\pgfmath@stack@operation=\toks34
)
(/usr/share/texmf/tex/generic/pgf/math/pgfmathfunctions.code.tex
(/usr/share/texmf/tex/generic/pgf/math/pgfmathfunctions.basic.code.tex)
(/usr/share/texmf/tex/generic/pgf/math/pgfmathfunctions.trigonometric.code.tex)
(/usr/share/texmf/tex/generic/pgf/math/pgfmathfunctions.random.code.tex)
(/usr/share/texmf/tex/generic/pgf/math/pgfmathfunctions.comparison.code.tex)
(/usr/share/texmf/tex/generic/pgf/math/pgfmathfunctions.base.code.tex)
(/usr/share/texmf/tex/generic/pgf/math/pgfmathfunctions.round.code.tex)
(/usr/share/texmf/tex/generic/pgf/math/pgfmathfunctions.misc.code.tex)))
(/usr/share/texmf/tex/generic/pgf/math/pgfmathfloat.code.tex
\c@pgfmathroundto@lastzeros=\count136
))
(/usr/share/texmf/tex/generic/pgf/basiclayer/pgfcorepoints.code.tex
File: pgfcorepoints.code.tex 2010/04/09  (rcs-revision 1.20)
\pgf@picminx=\dimen149
\pgf@picmaxx=\dimen150
\pgf@picminy=\dimen151
\pgf@picmaxy=\dimen152
\pgf@pathminx=\dimen153
\pgf@pathmaxx=\dimen154
\pgf@pathminy=\dimen155
\pgf@pathmaxy=\dimen156
\pgf@xx=\dimen157
\pgf@xy=\dimen158
\pgf@yx=\dimen159
\pgf@yy=\dimen160
\pgf@zx=\dimen161
\pgf@zy=\dimen162
)
(/usr/share/texmf/tex/generic/pgf/basiclayer/pgfcorepathconstruct.code.tex
File: pgfcorepathconstruct.code.tex 2010/08/03  (rcs-revision 1.24)
\pgf@path@lastx=\dimen163
\pgf@path@lasty=\dimen164
)
(/usr/share/texmf/tex/generic/pgf/basiclayer/pgfcorepathusage.code.tex
File: pgfcorepathusage.code.tex 2008/04/22  (rcs-revision 1.12)
\pgf@shorten@end@additional=\dimen165
\pgf@shorten@start@additional=\dimen166
)
(/usr/share/texmf/tex/generic/pgf/basiclayer/pgfcorescopes.code.tex
File: pgfcorescopes.code.tex 2010/09/08  (rcs-revision 1.34)
\pgfpic=\box32
\pgf@hbox=\box33
\pgf@layerbox@main=\box34
\pgf@picture@serial@count=\count137
)
(/usr/share/texmf/tex/generic/pgf/basiclayer/pgfcoregraphicstate.code.tex
File: pgfcoregraphicstate.code.tex 2008/04/22  (rcs-revision 1.9)
\pgflinewidth=\dimen167
)
(/usr/share/texmf/tex/generic/pgf/basiclayer/pgfcoretransformations.code.tex
File: pgfcoretransformations.code.tex 2009/06/10  (rcs-revision 1.11)
\pgf@pt@x=\dimen168
\pgf@pt@y=\dimen169
\pgf@pt@temp=\dimen170
)
(/usr/share/texmf/tex/generic/pgf/basiclayer/pgfcorequick.code.tex
File: pgfcorequick.code.tex 2008/10/09  (rcs-revision 1.3)
)
(/usr/share/texmf/tex/generic/pgf/basiclayer/pgfcoreobjects.code.tex
File: pgfcoreobjects.code.tex 2006/10/11  (rcs-revision 1.2)
)
(/usr/share/texmf/tex/generic/pgf/basiclayer/pgfcorepathprocessing.code.tex
File: pgfcorepathprocessing.code.tex 2008/10/09  (rcs-revision 1.8)
)
(/usr/share/texmf/tex/generic/pgf/basiclayer/pgfcorearrows.code.tex
File: pgfcorearrows.code.tex 2008/04/23  (rcs-revision 1.11)
)
(/usr/share/texmf/tex/generic/pgf/basiclayer/pgfcoreshade.code.tex
File: pgfcoreshade.code.tex 2008/11/23  (rcs-revision 1.13)
\pgf@max=\dimen171
\pgf@sys@shading@range@num=\count138
)
(/usr/share/texmf/tex/generic/pgf/basiclayer/pgfcoreimage.code.tex
File: pgfcoreimage.code.tex 2010/03/25  (rcs-revision 1.16)

(/usr/share/texmf/tex/generic/pgf/basiclayer/pgfcoreexternal.code.tex
File: pgfcoreexternal.code.tex 2010/09/01  (rcs-revision 1.17)
\pgfexternal@startupbox=\box35
))
(/usr/share/texmf/tex/generic/pgf/basiclayer/pgfcorelayers.code.tex
File: pgfcorelayers.code.tex 2010/08/27  (rcs-revision 1.2)
)
(/usr/share/texmf/tex/generic/pgf/basiclayer/pgfcoretransparency.code.tex
File: pgfcoretransparency.code.tex 2008/01/17  (rcs-revision 1.2)
)
(/usr/share/texmf/tex/generic/pgf/basiclayer/pgfcorepatterns.code.tex
File: pgfcorepatterns.code.tex 2009/07/02  (rcs-revision 1.3)
)))
(/usr/share/texmf/tex/generic/pgf/modules/pgfmoduleshapes.code.tex
File: pgfmoduleshapes.code.tex 2010/09/09  (rcs-revision 1.13)
\pgfnodeparttextbox=\box36
)
(/usr/share/texmf/tex/generic/pgf/modules/pgfmoduleplot.code.tex
File: pgfmoduleplot.code.tex 2010/10/22  (rcs-revision 1.8)
)
(/usr/share/texmf/tex/latex/pgf/compatibility/pgfcomp-version-0-65.sty
Package: pgfcomp-version-0-65 2007/07/03 v2.10 (rcs-revision 1.7)
\pgf@nodesepstart=\dimen172
\pgf@nodesepend=\dimen173
)
(/usr/share/texmf/tex/latex/pgf/compatibility/pgfcomp-version-1-18.sty
Package: pgfcomp-version-1-18 2007/07/23 v2.10 (rcs-revision 1.1)
))
(/usr/share/texlive/texmf-dist/tex/latex/environ/environ.sty
Package: environ 2013/04/01 v0.3 A new environment syntax

(/usr/share/texlive/texmf-dist/tex/latex/trimspaces/trimspaces.sty
Package: trimspaces 2009/09/17 v1.1 Trim spaces around a token list
))
\tcb@titlebox=\box37
\tcb@upperbox=\box38
\tcb@lowerbox=\box39
\tcb@phantombox=\box40
\c@tcbbreakpart=\count139
\c@tcblayer=\count140
\tcb@temp=\box41
\tcb@temp=\box42
\tcb@temp=\box43
\tcb@temp=\box44
\tcb@out=\write4

(/usr/share/texlive/texmf-dist/tex/latex/tcolorbox/tcbskins.code.tex
Library (tcolorbox): 'tcbskins.code.tex' version '2.70'
(/usr/share/texmf/tex/latex/pgf/frontendlayer/tikz.sty
(/usr/share/texmf/tex/latex/pgf/utilities/pgffor.sty
(/usr/share/texmf/tex/latex/pgf/utilities/pgfkeys.sty
(/usr/share/texmf/tex/generic/pgf/utilities/pgfkeys.code.tex))
(/usr/share/texmf/tex/generic/pgf/utilities/pgffor.code.tex
Package: pgffor 2010/03/23 v2.10 (rcs-revision 1.18)
\pgffor@iter=\dimen174
\pgffor@skip=\dimen175
\pgffor@stack=\toks35
\pgffor@toks=\toks36
))
(/usr/share/texmf/tex/generic/pgf/frontendlayer/tikz/tikz.code.tex
Package: tikz 2010/10/13 v2.10 (rcs-revision 1.76)

(/usr/share/texmf/tex/generic/pgf/libraries/pgflibraryplothandlers.code.tex
File: pgflibraryplothandlers.code.tex 2010/05/31 v2.10 (rcs-revision 1.15)
\pgf@plot@mark@count=\count141
\pgfplotmarksize=\dimen176
)
\tikz@lastx=\dimen177
\tikz@lasty=\dimen178
\tikz@lastxsaved=\dimen179
\tikz@lastysaved=\dimen180
\tikzleveldistance=\dimen181
\tikzsiblingdistance=\dimen182
\tikz@figbox=\box45
\tikz@tempbox=\box46
\tikztreelevel=\count142
\tikznumberofchildren=\count143
\tikznumberofcurrentchild=\count144
\tikz@fig@count=\count145

(/usr/share/texmf/tex/generic/pgf/modules/pgfmodulematrix.code.tex
File: pgfmodulematrix.code.tex 2010/08/24  (rcs-revision 1.4)
\pgfmatrixcurrentrow=\count146
\pgfmatrixcurrentcolumn=\count147
\pgf@matrix@numberofcolumns=\count148
)
\tikz@expandcount=\count149

(/usr/share/texmf/tex/generic/pgf/frontendlayer/tikz/libraries/tikzlibrarytopat
hs.code.tex
File: tikzlibrarytopaths.code.tex 2008/06/17 v2.10 (rcs-revision 1.2)
)))
\tcb@waterbox=\box47

(/usr/share/texlive/texmf-dist/tex/latex/tcolorbox/tcbskinsjigsaw.code.tex
Library (tcolorbox): 'tcbskinsjigsaw.code.tex' version '2.70'
)) (/usr/share/texlive/texmf-dist/tex/latex/tcolorbox/tcbbreakable.code.tex
Library (tcolorbox): 'tcbbreakable.code.tex' version '2.70'
\tcb@totalupperbox=\box48
\tcb@totallowerbox=\box49
) (/usr/share/texlive/texmf-dist/tex/latex/tcolorbox/tcbhooks.code.tex
Library (tcolorbox): 'tcbhooks.code.tex' version '2.70'
) (/usr/share/texlive/texmf-dist/tex/latex/tcolorbox/tcbtheorems.code.tex
Library (tcolorbox): 'tcbtheorems.code.tex' version '2.70'
) (/usr/share/texlive/texmf-dist/tex/latex/tcolorbox/tcbfitting.code.tex
Library (tcolorbox): 'tcbfitting.code.tex' version '2.70'
\tcbfitdim=\dimen183
\tcb@lowerfitdim=\dimen184
\tcb@upperfitdim=\dimen185
\tcb@cur@hbadness=\count150
) (/usr/share/texlive/texmf-dist/tex/latex/tcolorbox/tcblistingsutf8.code.tex
Library (tcolorbox): 'tcblistingsutf8.code.tex' version '2.70'
(/usr/share/texlive/texmf-dist/tex/latex/oberdiek/listingsutf8.sty
Package: listingsutf8 2011/11/10 v1.2 Allow UTF-8 in listings input (HO)

(/usr/share/texlive/texmf-dist/tex/generic/oberdiek/stringenc.sty
Package: stringenc 2011/12/02 v1.10 Convert strings between diff. encodings (HO
)
))
(/usr/share/texlive/texmf-dist/tex/latex/tcolorbox/tcblistings.code.tex
Library (tcolorbox): 'tcblistings.code.tex' version '2.70'
(/usr/share/texlive/texmf-dist/tex/latex/tcolorbox/tcblistingscore.code.tex
Library (tcolorbox): 'tcblistingscore.code.tex' version '2.70'
))))) (./USER_GUIDE.bbl) (./USER_GUIDE.aux (./Sections/1-General_Info.aux)
(./Sections/2-Installation.aux)

LaTeX Warning: Label `GUIov' multiply defined.

(./Sections/10-Commands.aux) (./Sections/References.aux))
\openout1 = `USER_GUIDE.aux'.

LaTeX Font Info:    Checking defaults for OML/cmm/m/it on input line 13.
LaTeX Font Info:    ... okay on input line 13.
LaTeX Font Info:    Checking defaults for T1/cmr/m/n on input line 13.
LaTeX Font Info:    ... okay on input line 13.
LaTeX Font Info:    Checking defaults for OT1/cmr/m/n on input line 13.
LaTeX Font Info:    ... okay on input line 13.
LaTeX Font Info:    Checking defaults for OMS/cmsy/m/n on input line 13.
LaTeX Font Info:    ... okay on input line 13.
LaTeX Font Info:    Checking defaults for OMX/cmex/m/n on input line 13.
LaTeX Font Info:    ... okay on input line 13.
LaTeX Font Info:    Checking defaults for U/cmr/m/n on input line 13.
LaTeX Font Info:    ... okay on input line 13.
LaTeX Font Info:    Checking defaults for PD1/pdf/m/n on input line 13.
LaTeX Font Info:    ... okay on input line 13.

(/usr/share/texlive/texmf-dist/tex/context/base/supp-pdf.mkii
[Loading MPS to PDF converter (version 2006.09.02).]
\scratchcounter=\count151
\scratchdimen=\dimen186
\scratchbox=\box50
\nofMPsegments=\count152
\nofMParguments=\count153
\everyMPshowfont=\toks37
\MPscratchCnt=\count154
\MPscratchDim=\dimen187
\MPnumerator=\count155
\makeMPintoPDFobject=\count156
\everyMPtoPDFconversion=\toks38
) (/usr/share/texlive/texmf-dist/tex/latex/oberdiek/epstopdf-base.sty
Package: epstopdf-base 2010/02/09 v2.5 Base part for package epstopdf

(/usr/share/texlive/texmf-dist/tex/latex/oberdiek/grfext.sty
Package: grfext 2010/08/19 v1.1 Manage graphics extensions (HO)
)
Package grfext Info: Graphics extension search list:
(grfext)             [.png,.pdf,.jpg,.mps,.jpeg,.jbig2,.jb2,.PNG,.PDF,.JPG,.JPE
G,.JBIG2,.JB2,.eps]
(grfext)             \AppendGraphicsExtensions on input line 452.

(/usr/share/texlive/texmf-dist/tex/latex/latexconfig/epstopdf-sys.cfg
File: epstopdf-sys.cfg 2010/07/13 v1.3 Configuration of (r)epstopdf for TeX Liv
e
))
\AtBeginShipoutBox=\box51
Package hyperref Info: Link coloring OFF on input line 13.

(/usr/share/texlive/texmf-dist/tex/latex/hyperref/nameref.sty
Package: nameref 2012/10/27 v2.43 Cross-referencing by name of section

(/usr/share/texlive/texmf-dist/tex/generic/oberdiek/gettitlestring.sty
Package: gettitlestring 2010/12/03 v1.4 Cleanup title references (HO)
)
\c@section@level=\count157
)
LaTeX Info: Redefining \ref on input line 13.
LaTeX Info: Redefining \pageref on input line 13.
LaTeX Info: Redefining \nameref on input line 13.

(./USER_GUIDE.out) (./USER_GUIDE.out)
\@outlinefile=\write5
\openout5 = `USER_GUIDE.out'.

\c@lstlisting=\count158

*geometry* driver: auto-detecting
*geometry* detected driver: pdftex
*geometry* verbose mode - [ preamble ] result:
* driver: pdftex
* paper: a4paper
* layout: <same size as paper>
* layoutoffset:(h,v)=(0.0pt,0.0pt)
* modes: includefoot 
* h-part:(L,W,R)=(65.04256pt, 469.75499pt, 62.71033pt)
* v-part:(T,H,B)=(108.405pt, 650.43pt, 86.21185pt)
* \paperwidth=597.50787pt
* \paperheight=845.04684pt
* \textwidth=469.75499pt
* \textheight=620.43pt
* \oddsidemargin=-7.22743pt
* \evensidemargin=-7.22743pt
* \topmargin=-0.86499pt
* \headheight=12.0pt
* \headsep=25.0pt
* \topskip=12.0pt
* \footskip=30.0pt
* \marginparwidth=35.0pt
* \marginparsep=10.0pt
* \columnsep=10.0pt
* \skip\footins=10.8pt plus 4.0pt minus 2.0pt
* \hoffset=0.0pt
* \voffset=0.0pt
* \mag=1000
* \@twocolumnfalse
* \@twosidefalse
* \@mparswitchfalse
* \@reversemarginfalse
* (1in=72.27pt=25.4mm, 1cm=28.453pt)

ABD: EveryShipout initializing macros
(/usr/share/texlive/texmf-dist/tex/latex/base/inputenc.sty
Package: inputenc 2008/03/30 v1.1d Input encoding file
\inpenc@prehook=\toks39
\inpenc@posthook=\toks40
)
<Images/mit_logo.png, id=167, 1038.88126pt x 236.885pt>
File: Images/mit_logo.png Graphic file (type png)

<use Images/mit_logo.png>
Package pdftex.def Info: Images/mit_logo.png used on input line 14.
(pdftex.def)             Requested size: 207.77257pt x 47.37616pt.
LaTeX Font Info:    Try loading font information for OT1+pcr on input line 14.

(/usr/share/texlive/texmf-dist/tex/latex/psnfss/ot1pcr.fd
File: ot1pcr.fd 2001/06/04 font definitions for OT1/pcr.
)
LaTeX Font Info:    Font shape `OT1/pcr/bx/n' in size <20.74> not available
(Font)              Font shape `OT1/pcr/b/n' tried instead on input line 14.

<Images/kulik_logo.png, id=169, 180.17313pt x 39.64813pt>
File: Images/kulik_logo.png Graphic file (type png)

<use Images/kulik_logo.png>
Package pdftex.def Info: Images/kulik_logo.png used on input line 14.
(pdftex.def)             Requested size: 198.19102pt x 43.61307pt.
 [1



{/var/lib/texmf/fonts/map/pdftex/updmap/pdftex.map} <./Images/mit_logo.png> <./
Images/kulik_logo.png>] (./USER_GUIDE.toc
LaTeX Font Info:    Try loading font information for U+msa on input line 1.

(/usr/share/texlive/texmf-dist/tex/latex/amsfonts/umsa.fd
File: umsa.fd 2013/01/14 v3.01 AMS symbols A
)
LaTeX Font Info:    Try loading font information for U+msb on input line 1.

(/usr/share/texlive/texmf-dist/tex/latex/amsfonts/umsb.fd
File: umsb.fd 2013/01/14 v3.01 AMS symbols B
)
LaTeX Font Info:    Try loading font information for U+lasy on input line 1.

(/usr/share/texlive/texmf-dist/tex/latex/base/ulasy.fd
File: ulasy.fd 1998/08/17 v2.2e LaTeX symbol font definitions
)
File: Images/kulik_logo.png Graphic file (type png)

<use Images/kulik_logo.png>
Package pdftex.def Info: Images/kulik_logo.png used on input line 35.
(pdftex.def)             Requested size: 54.05234pt x 11.89452pt.


Package Fancyhdr Warning: \headheight is too small (12.0pt): 
 Make it at least 16.24455pt.
 We now make it that large for the rest of the document.
 This may cause the page layout to be inconsistent, however.

pdfTeX warning (ext4): destination with the same identifier (name{page.1}) has 
been already used, duplicate ignored
<to be read again> 
                   \relax 
l.35 ...larity search \& screening}{29}{section.7}
                                                   [1])
\tf@toc=\write6
\openout6 = `USER_GUIDE.toc'.

File: Images/kulik_logo.png Graphic file (type png)

<use Images/kulik_logo.png>
Package pdftex.def Info: Images/kulik_logo.png used on input line 18.
(pdftex.def)             Requested size: 54.05234pt x 11.89452pt.
 [2]
\openout2 = `Sections/1-General_Info.aux'.

 (./Sections/1-General_Info.tex
Underfull \hbox (badness 10000) in paragraph at lines 11--12

 []

File: Images/kulik_logo.png Graphic file (type png)
<use Images/kulik_logo.png>
Package pdftex.def Info: Images/kulik_logo.png used on input line 14.
(pdftex.def)             Requested size: 54.05234pt x 11.89452pt.
 [3


]
Underfull \hbox (badness 10000) in paragraph at lines 17--22

 []


Underfull \hbox (badness 10000) in paragraph at lines 17--22

 []


Overfull \hbox (7.93837pt too wide) in paragraph at lines 17--22
\OT1/cmr/m/it/12 GNU Gen-eral Pub-lic Li-cense along with mol-Sim-plify. If not
, see http://www.gnu.org/licenses/.
 []


Underfull \hbox (badness 10000) in paragraph at lines 17--22

 []


Overfull \hbox (6.30714pt too wide) in paragraph at lines 23--24
\OT1/cmr/m/n/12 molSimplify makes use of the open-source Py-brain li-brary ([]$
\OT1/pcr/m/n/12 http : / / pybrain . org / pages /
 []


Underfull \hbox (badness 10000) in paragraph at lines 23--24

 []

LaTeX Font Info:    Try loading font information for OMS+cmr on input line 31.
(/usr/share/texlive/texmf-dist/tex/latex/base/omscmr.fd
File: omscmr.fd 1999/05/25 v2.5h Standard LaTeX font definitions
)
LaTeX Font Info:    Font shape `OMS/cmr/m/n' in size <12> not available
(Font)              Font shape `OMS/cmsy/m/n' tried instead on input line 31.
File: Images/kulik_logo.png Graphic file (type png)

<use Images/kulik_logo.png>
Package pdftex.def Info: Images/kulik_logo.png used on input line 51.
(pdftex.def)             Requested size: 54.05234pt x 11.89452pt.
 [4])
File: Images/kulik_logo.png Graphic file (type png)
 <use Images/kulik_logo.png>
Package pdftex.def Info: Images/kulik_logo.png used on input line 20.
(pdftex.def)             Requested size: 54.05234pt x 11.89452pt.
 [5]
\openout2 = `Sections/2-Installation.aux'.


(./Sections/2-Installation.tex
Overfull \hbox (5.70187pt too wide) in paragraph at lines 7--8
\OT1/cmr/m/n/12 Conda ([]$\OT1/pcr/m/n/12 http : / / conda . pydata . org / doc
s/$[]\OT1/cmr/m/n/12 ) is a free, multi-platform and multi-language
 []

(/usr/share/texlive/texmf-dist/tex/latex/listings/lstlang1.sty
File: lstlang1.sty 2013/08/26 1.5b listings language file
)
(/usr/share/texlive/texmf-dist/tex/latex/listings/lstlang1.sty
File: lstlang1.sty 2013/08/26 1.5b listings language file
)
File: Images/kulik_logo.png Graphic file (type png)

<use Images/kulik_logo.png>
Package pdftex.def Info: Images/kulik_logo.png used on input line 36.
(pdftex.def)             Requested size: 54.05234pt x 11.89452pt.
 [6


]
Overfull \hbox (11.18314pt too wide) in paragraph at lines 50--51
[]\OT1/cmr/m/n/12 wget []$\OT1/pcr/m/n/12 https : / / sourceforge . net / proje
cts / openbabel / files / openbabel /
 []


Overfull \hbox (18.50362pt too wide) in paragraph at lines 61--62
[]\OT1/cmr/m/n/12 Install SIP([]$\OT1/pcr/m/n/12 http : / / pyqt . sourceforge 
. net / Docs / sip4 / installation . html$[]\OT1/cmr/m/n/12 )
 []

(/usr/share/texlive/texmf-dist/tex/latex/listings/lstlang1.sty
File: lstlang1.sty 2013/08/26 1.5b listings language file
)
Package hyperref Info: bookmark level for unknown lstlisting defaults to 0 on i
nput line 65.


Package Listings Warning: Text dropped after begin of listing on input line 65.


File: Images/kulik_logo.png Graphic file (type png)
<use Images/kulik_logo.png>
Package pdftex.def Info: Images/kulik_logo.png used on input line 67.
(pdftex.def)             Requested size: 54.05234pt x 11.89452pt.
 [7]
Overfull \hbox (1762.26772pt too wide) in paragraph at lines 67--68
[][][][][][][][][][][][][][][][][][][][][][][][][][][][][][][][][][][][][][][][
][][][][][][][][][][][][][][][][][][][][][][][][][][][][][][][][][][][][][][][]
[][][][][][][][][][][][][][][][][][][][][][][][][][][][][][][][][][] 
 []


Overfull \hbox (11.18314pt too wide) in paragraph at lines 93--94
[]\OT1/cmr/m/n/12 wget []$\OT1/pcr/m/n/12 https : / / sourceforge . net / proje
cts / openbabel / files / openbabel /
 []

File: Images/kulik_logo.png Graphic file (type png)
<use Images/kulik_logo.png>
Package pdftex.def Info: Images/kulik_logo.png used on input line 98.
(pdftex.def)             Requested size: 54.05234pt x 11.89452pt.
 [8]
Overfull \hbox (11.33913pt too wide) in paragraph at lines 101--102
[]\OT1/cmr/m/n/12 Alternatively py-bel can be in-stalled us-ing the stan-dard u
buntu pack-age man-ager with \OT1/pcr/m/n/12 apt-get
 []


Overfull \hbox (12.6448pt too wide) in paragraph at lines 119--120
\OT1/pcr/m/n/12 https://raw.githubusercontent.com/Homebrew/install/master/insta
ll)"
 []

File: Images/kulik_logo.png Graphic file (type png)
<use Images/kulik_logo.png>
Package pdftex.def Info: Images/kulik_logo.png used on input line 126.
(pdftex.def)             Requested size: 54.05234pt x 11.89452pt.
 [9]
Underfull \hbox (badness 10000) in paragraph at lines 134--135

 []

File: Images/kulik_logo.png Graphic file (type png)
<use Images/kulik_logo.png>
Package pdftex.def Info: Images/kulik_logo.png used on input line 151.
(pdftex.def)             Requested size: 54.05234pt x 11.89452pt.
 [10])
File: Images/kulik_logo.png Graphic file (type png)
 <use Images/kulik_logo.png>
Package pdftex.def Info: Images/kulik_logo.png used on input line 22.
(pdftex.def)             Requested size: 54.05234pt x 11.89452pt.
 [11]
<./Figures/fig0.png, id=338, 1301.86375pt x 748.7975pt>
File: ./Figures/fig0.png Graphic file (type png)

<use ./Figures/fig0.png>
Package pdftex.def Info: ./Figures/fig0.png used on input line 34.
(pdftex.def)             Requested size: 469.75499pt x 270.18388pt.
File: Images/kulik_logo.png Graphic file (type png)
 <use Images/kulik_logo.png>
Package pdftex.def Info: Images/kulik_logo.png used on input line 47.
(pdftex.def)             Requested size: 54.05234pt x 11.89452pt.
 [12

 <./Figures/fig0.png>]
<./Figures/fig1.png, id=348, 863.225pt x 392.46625pt>
File: ./Figures/fig1.png Graphic file (type png)
 <use ./Figures/fig1.png>
Package pdftex.def Info: ./Figures/fig1.png used on input line 53.
(pdftex.def)             Requested size: 469.75499pt x 213.57545pt.
File: Images/kulik_logo.png Graphic file (type png)

<use Images/kulik_logo.png>
Package pdftex.def Info: Images/kulik_logo.png used on input line 62.
(pdftex.def)             Requested size: 54.05234pt x 11.89452pt.
 [13 <./Figures/fig1.png>]
<./Figures/figen.png, id=359, 819.06pt x 353.32pt>
File: ./Figures/figen.png Graphic file (type png)
 <use ./Figures/figen.png>
Package pdftex.def Info: ./Figures/figen.png used on input line 71.
(pdftex.def)             Requested size: 409.52899pt x 176.65956pt.
File: Images/kulik_logo.png Graphic file (type png)

<use Images/kulik_logo.png>
Package pdftex.def Info: Images/kulik_logo.png used on input line 79.
(pdftex.def)             Requested size: 54.05234pt x 11.89452pt.
 [14]
<./Figures/fig2a.png, id=367, 970.62625pt x 251.94125pt>
File: ./Figures/fig2a.png Graphic file (type png)

<use ./Figures/fig2a.png>
Package pdftex.def Info: ./Figures/fig2a.png used on input line 82.
(pdftex.def)             Requested size: 469.75499pt x 121.93378pt.
File: Images/kulik_logo.png Graphic file (type png)
 <use Images/kulik_logo.png>
Package pdftex.def Info: Images/kulik_logo.png used on input line 88.
(pdftex.def)             Requested size: 54.05234pt x 11.89452pt.
 [15 <./Figures/figen.png> <./Figures/fig2a.png>]
<./Figures/fig2b.png, id=377, 1211.52625pt x 1117.17375pt>
File: ./Figures/fig2b.png Graphic file (type png)

<use ./Figures/fig2b.png>
Package pdftex.def Info: ./Figures/fig2b.png used on input line 92.
(pdftex.def)             Requested size: 181.7211pt x 167.56883pt.
File: Images/kulik_logo.png Graphic file (type png)
 <use Images/kulik_logo.png>
Package pdftex.def Info: Images/kulik_logo.png used on input line 103.
(pdftex.def)             Requested size: 54.05234pt x 11.89452pt.
 [16 <./Figures/fig2b.png>] <./Figures/fig3.png, id=385, 625.33624pt x 104.39pt
>
File: ./Figures/fig3.png Graphic file (type png)

<use ./Figures/fig3.png>
Package pdftex.def Info: ./Figures/fig3.png used on input line 106.
(pdftex.def)             Requested size: 469.75499pt x 78.41971pt.
File: Images/kulik_logo.png Graphic file (type png)
 <use Images/kulik_logo.png>
Package pdftex.def Info: Images/kulik_logo.png used on input line 120.
(pdftex.def)             Requested size: 54.05234pt x 11.89452pt.
 [17 <./Figures/fig3.png>]
<./Figures/fig12.png, id=393, 1920.17375pt x 779.91376pt>
File: ./Figures/fig12.png Graphic file (type png)

<use ./Figures/fig12.png>
Package pdftex.def Info: ./Figures/fig12.png used on input line 123.
(pdftex.def)             Requested size: 469.75499pt x 190.78899pt.

<./Figures/fig13a.png, id=395, 1112.155pt x 328.22626pt>
File: ./Figures/fig13a.png Graphic file (type png)

<use ./Figures/fig13a.png>
Package pdftex.def Info: ./Figures/fig13a.png used on input line 136.
(pdftex.def)             Requested size: 469.75499pt x 138.64038pt.
File: Images/kulik_logo.png Graphic file (type png)
 <use Images/kulik_logo.png>
Package pdftex.def Info: Images/kulik_logo.png used on input line 142.
(pdftex.def)             Requested size: 54.05234pt x 11.89452pt.
 [18 <./Figures/fig12.png>] <./Figures/fig13b.png, id=406, 692.5875pt x 483.807
5pt>
File: ./Figures/fig13b.png Graphic file (type png)

<use ./Figures/fig13b.png>
Package pdftex.def Info: ./Figures/fig13b.png used on input line 145.
(pdftex.def)             Requested size: 281.85585pt x 196.89328pt.
File: Images/kulik_logo.png Graphic file (type png)
 <use Images/kulik_logo.png>
Package pdftex.def Info: Images/kulik_logo.png used on input line 153.
(pdftex.def)             Requested size: 54.05234pt x 11.89452pt.
 [19 <./Figures/fig13a.png> <./Figures/fig13b.png>]
<./Figures/fig4a.png, id=415, 958.58125pt x 460.72125pt>
File: ./Figures/fig4a.png Graphic file (type png)

<use ./Figures/fig4a.png>
Package pdftex.def Info: ./Figures/fig4a.png used on input line 156.
(pdftex.def)             Requested size: 469.75499pt x 225.77647pt.
 <./Figures/fig4b.png, id=417, 843.15pt x 246.9225pt>
File: ./Figures/fig4b.png Graphic file (type png)

<use ./Figures/fig4b.png>
Package pdftex.def Info: ./Figures/fig4b.png used on input line 165.
(pdftex.def)             Requested size: 469.75499pt x 137.57108pt.

<./Figures/fig5a.png, id=420, 920.43875pt x 429.605pt>
File: ./Figures/fig5a.png Graphic file (type png)

<use ./Figures/fig5a.png>
Package pdftex.def Info: ./Figures/fig5a.png used on input line 182.
(pdftex.def)             Requested size: 469.75499pt x 219.25952pt.
File: Images/kulik_logo.png Graphic file (type png)
 <use Images/kulik_logo.png>
Package pdftex.def Info: Images/kulik_logo.png used on input line 185.
(pdftex.def)             Requested size: 54.05234pt x 11.89452pt.
 [20 <./Figures/fig4a.png>] <./Figures/fig5b.png, id=429, 837.1275pt x 297.11pt
>
File: ./Figures/fig5b.png Graphic file (type png)

<use ./Figures/fig5b.png>
Package pdftex.def Info: ./Figures/fig5b.png used on input line 191.
(pdftex.def)             Requested size: 469.75499pt x 166.72047pt.
File: Images/kulik_logo.png Graphic file (type png)
 <use Images/kulik_logo.png>
Package pdftex.def Info: Images/kulik_logo.png used on input line 197.
(pdftex.def)             Requested size: 54.05234pt x 11.89452pt.
 [21 <./Figures/fig4b.png> <./Figures/fig5a.png>] <./Figures/fig6.png, id=439, 
889.3225pt x 302.12875pt>
File: ./Figures/fig6.png Graphic file (type png)

<use ./Figures/fig6.png>
Package pdftex.def Info: ./Figures/fig6.png used on input line 205.
(pdftex.def)             Requested size: 469.75499pt x 159.58809pt.
File: Images/kulik_logo.png Graphic file (type png)
 <use Images/kulik_logo.png>
Package pdftex.def Info: Images/kulik_logo.png used on input line 211.
(pdftex.def)             Requested size: 54.05234pt x 11.89452pt.
 [22 <./Figures/fig5b.png> <./Figures/fig6.png>] <./Figures/fig7a.png, id=449, 
885.3075pt x 325.215pt>
File: ./Figures/fig7a.png Graphic file (type png)

<use ./Figures/fig7a.png>
Package pdftex.def Info: ./Figures/fig7a.png used on input line 216.
(pdftex.def)             Requested size: 469.75499pt x 172.56657pt.
File: Images/kulik_logo.png Graphic file (type png)
 <use Images/kulik_logo.png>
Package pdftex.def Info: Images/kulik_logo.png used on input line 221.
(pdftex.def)             Requested size: 54.05234pt x 11.89452pt.
 [23 <./Figures/fig7a.png>] <./Figures/fig7b.png, id=458, 895.345pt x 446.66875
pt>
File: ./Figures/fig7b.png Graphic file (type png)

<use ./Figures/fig7b.png>
Package pdftex.def Info: ./Figures/fig7b.png used on input line 226.
(pdftex.def)             Requested size: 469.75499pt x 234.35466pt.
File: Images/kulik_logo.png Graphic file (type png)
 <use Images/kulik_logo.png>
Package pdftex.def Info: Images/kulik_logo.png used on input line 237.
(pdftex.def)             Requested size: 54.05234pt x 11.89452pt.
 [24 <./Figures/fig7b.png>] <./Figures/fig8a.png, id=466, 939.51pt x 372.39125p
t>
File: ./Figures/fig8a.png Graphic file (type png)

<use ./Figures/fig8a.png>
Package pdftex.def Info: ./Figures/fig8a.png used on input line 240.
(pdftex.def)             Requested size: 469.75499pt x 186.19516pt.

<./Figures/fig8b.png, id=467, 1358.07375pt x 350.30875pt>
File: ./Figures/fig8b.png Graphic file (type png)

<use ./Figures/fig8b.png>
Package pdftex.def Info: ./Figures/fig8b.png used on input line 250.
(pdftex.def)             Requested size: 469.75499pt x 121.16667pt.

<./Figures/fig9a.png, id=469, 496.85625pt x 259.97125pt>
File: ./Figures/fig9a.png Graphic file (type png)

<use ./Figures/fig9a.png>
Package pdftex.def Info: ./Figures/fig9a.png used on input line 259.
(pdftex.def)             Requested size: 469.75499pt x 245.79314pt.

<./Figures/fig9b.png, id=470, 613.29124pt x 350.30875pt>
File: ./Figures/fig9b.png Graphic file (type png)

<use ./Figures/fig9b.png>
Package pdftex.def Info: ./Figures/fig9b.png used on input line 268.
(pdftex.def)             Requested size: 352.31624pt x 201.23888pt.
File: Images/kulik_logo.png Graphic file (type png)
 <use Images/kulik_logo.png>
Package pdftex.def Info: Images/kulik_logo.png used on input line 274.
(pdftex.def)             Requested size: 54.05234pt x 11.89452pt.
 [25 <./Figures/fig8a.png>]
File: Images/kulik_logo.png Graphic file (type png)
 <use Images/kulik_logo.png>
Package pdftex.def Info: Images/kulik_logo.png used on input line 283.
(pdftex.def)             Requested size: 54.05234pt x 11.89452pt.
 [26 <./Figures/fig8b.png> <./Figures/fig9a.png>]
<./Figures/fig10.png, id=485, 1394.20876pt x 486.81876pt>
File: ./Figures/fig10.png Graphic file (type png)

<use ./Figures/fig10.png>
Package pdftex.def Info: ./Figures/fig10.png used on input line 288.
(pdftex.def)             Requested size: 469.75499pt x 164.0231pt.
File: Images/kulik_logo.png Graphic file (type png)
 <use Images/kulik_logo.png>
Package pdftex.def Info: Images/kulik_logo.png used on input line 302.
(pdftex.def)             Requested size: 54.05234pt x 11.89452pt.
 [27 <./Figures/fig9b.png>] <./Figures/fig11.png, id=492, 1755.55875pt x 574.14
5pt>
File: ./Figures/fig11.png Graphic file (type png)

<use ./Figures/fig11.png>
Package pdftex.def Info: ./Figures/fig11.png used on input line 306.
(pdftex.def)             Requested size: 469.75499pt x 153.62827pt.
File: Images/kulik_logo.png Graphic file (type png)
 <use Images/kulik_logo.png>
Package pdftex.def Info: Images/kulik_logo.png used on input line 312.
(pdftex.def)             Requested size: 54.05234pt x 11.89452pt.
 [28 <./Figures/fig10.png> <./Figures/fig11.png>]
<./Figures/fig14a.png, id=501, 978.65625pt x 640.3925pt>
File: ./Figures/fig14a.png Graphic file (type png)

<use ./Figures/fig14a.png>
Package pdftex.def Info: ./Figures/fig14a.png used on input line 321.
(pdftex.def)             Requested size: 469.75499pt x 307.39467pt.
File: Images/kulik_logo.png Graphic file (type png)
 <use Images/kulik_logo.png>
Package pdftex.def Info: Images/kulik_logo.png used on input line 327.
(pdftex.def)             Requested size: 54.05234pt x 11.89452pt.
 [29 <./Figures/fig14a.png>] <./Figures/fig14b.png, id=508, 938.50626pt x 376.4
0625pt>
File: ./Figures/fig14b.png Graphic file (type png)

<use ./Figures/fig14b.png>
Package pdftex.def Info: ./Figures/fig14b.png used on input line 332.
(pdftex.def)             Requested size: 469.75499pt x 188.40367pt.
File: Images/kulik_logo.png Graphic file (type png)
 <use Images/kulik_logo.png>
Package pdftex.def Info: Images/kulik_logo.png used on input line 343.
(pdftex.def)             Requested size: 54.05234pt x 11.89452pt.
 [30 <./Figures/fig14b.png>] <./Figures/fig15.png, id=518, 1076.02pt x 527.9725
pt>
File: ./Figures/fig15.png Graphic file (type png)

<use ./Figures/fig15.png>
Package pdftex.def Info: ./Figures/fig15.png used on input line 348.
(pdftex.def)             Requested size: 469.75499pt x 230.49597pt.

<./Figures/fig16.png, id=519, 1167.36125pt x 552.0625pt>
File: ./Figures/fig16.png Graphic file (type png)

<use ./Figures/fig16.png>
Package pdftex.def Info: ./Figures/fig16.png used on input line 357.
(pdftex.def)             Requested size: 469.75499pt x 222.15204pt.
File: Images/kulik_logo.png Graphic file (type png)
 <use Images/kulik_logo.png>
Package pdftex.def Info: Images/kulik_logo.png used on input line 363.
(pdftex.def)             Requested size: 54.05234pt x 11.89452pt.
 [31 <./Figures/fig15.png>] <./Figures/fig17.png, id=528, 629.35126pt x 407.522
5pt>
File: ./Figures/fig17.png Graphic file (type png)

<use ./Figures/fig17.png>
Package pdftex.def Info: ./Figures/fig17.png used on input line 373.
(pdftex.def)             Requested size: 234.87749pt x 152.08679pt.
File: Images/kulik_logo.png Graphic file (type png)
 <use Images/kulik_logo.png>
Package pdftex.def Info: Images/kulik_logo.png used on input line 385.
(pdftex.def)             Requested size: 54.05234pt x 11.89452pt.
 [32 <./Figures/fig16.png>] <./Figures/fig18.png, id=536, 416.55624pt x 211.289
37pt>
File: ./Figures/fig18.png Graphic file (type png)

<use ./Figures/fig18.png>
Package pdftex.def Info: ./Figures/fig18.png used on input line 388.
(pdftex.def)             Requested size: 352.31624pt x 178.71342pt.
File: Images/kulik_logo.png Graphic file (type png)
 <use Images/kulik_logo.png>
Package pdftex.def Info: Images/kulik_logo.png used on input line 396.
(pdftex.def)             Requested size: 54.05234pt x 11.89452pt.
 [33 <./Figures/fig17.png> <./Figures/fig18.png>]
File: Images/kulik_logo.png Graphic file (type png)
 <use Images/kulik_logo.png>
Package pdftex.def Info: Images/kulik_logo.png used on input line 397.
(pdftex.def)             Requested size: 54.05234pt x 11.89452pt.
 [34]
\openout2 = `Sections/10-Commands.aux'.


(./Sections/10-Commands.tex
Underfull \hbox (badness 10000) in paragraph at lines 3--4

 []


Overfull \hbox (0.72101pt too wide) in paragraph at lines 16--17
[]|\OT1/cmr/m/n/10.95 /home/user/Runs| 
 []


Underfull \hbox (badness 3815) in paragraph at lines 17--18
[]|\OT1/cmr/m/n/10.95 (based on com-
 []


Underfull \hbox (badness 3815) in paragraph at lines 18--19
[]|\OT1/cmr/m/n/10.95 (based on com-
 []


Underfull \hbox (badness 10000) in paragraph at lines 39--40
[]|\OT1/pcr/m/n/10.95 database
 []


Underfull \hbox (badness 10000) in paragraph at lines 46--47
[]|\OT1/pcr/m/n/10.95 Before &
 []


Overfull \hbox (8.86269pt too wide) in paragraph at lines 8--51
 [][] 
 []


Overfull \hbox (8.86269pt too wide) in paragraph at lines 8--51
 [] 
 []

File: Images/kulik_logo.png Graphic file (type png)
<use Images/kulik_logo.png>
Package pdftex.def Info: Images/kulik_logo.png used on input line 53.
(pdftex.def)             Requested size: 54.05234pt x 11.89452pt.
 [35

]
Overfull \hbox (8.86269pt too wide) in paragraph at lines 53--70
 [][] 
 []

File: Images/kulik_logo.png Graphic file (type png)
<use Images/kulik_logo.png>
Package pdftex.def Info: Images/kulik_logo.png used on input line 72.
(pdftex.def)             Requested size: 54.05234pt x 11.89452pt.
 [36]
Overfull \hbox (13.19162pt too wide) in paragraph at lines 93--94
[]|\OT1/pcr/m/n/10.95 /home/user/Runs| 
 []


Overfull \hbox (8.86269pt too wide) in paragraph at lines 72--104
 [][] 
 []


Overfull \hbox (8.86269pt too wide) in paragraph at lines 72--104
 [] 
 []


Underfull \hbox (badness 5756) in paragraph at lines 125--125
[]|\OT1/cmr/m/n/10.95 NPFUNC op-tion for dif-fuse func-tions in
 []


Underfull \hbox (badness 5316) in paragraph at lines 126--126
[]|\OT1/cmr/m/n/10.95 NDFUNC op-tion for dif-fuse func-tions in
 []

Missing character: There is no  in font cmr10!
Missing character: There is no  in font cmr10!
Missing character: There is no  in font cmr10!
Missing character: There is no  in font cmr10!
Missing character: There is no  in font cmr10!
Missing character: There is no  in font cmr10!
Missing character: There is no  in font cmr10!
Missing character: There is no  in font cmr10!
Missing character: There is no  in font cmr10!
Missing character: There is no  in font cmr10!
Missing character: There is no  in font cmr10!
Missing character: There is no  in font cmr10!
Missing character: There is no  in font cmr10!
Missing character: There is no  in font cmr10!
Missing character: There is no  in font cmr10!
Missing character: There is no  in font cmr10!
Missing character: There is no  in font cmr10!
Missing character: There is no  in font cmr10!
Missing character: There is no  in font cmr10!
Missing character: There is no  in font cmr10!
Missing character: There is no  in font cmr10!
Missing character: There is no  in font cmr10!
Missing character: There is no  in font cmr10!
Missing character: There is no  in font cmr10!

Underfull \hbox (badness 2903) in paragraph at lines 184--184
[]|\OT1/cmr/m/n/10.95 one of: ph-ysisorp-tion,chemisorption,custom,
 []

Missing character: There is no  in font cmr10!
Missing character: There is no  in font cmr10!
Missing character: There is no  in font cmr10!
Missing character: There is no  in font cmr10!
Missing character: There is no  in font cmr10!
Missing character: There is no  in font cmr10!
Missing character: There is no  in font cmr10!
Missing character: There is no  in font cmr10!
Missing character: There is no  in font cmr10!
Missing character: There is no  in font cmr10!
Missing character: There is no  in font cmr10!
Missing character: There is no  in font cmr10!
Missing character: There is no  in font cmr10!
Missing character: There is no  in font cmr10!
Missing character: There is no  in font cmr10!
Missing character: There is no  in font cmr10!
Missing character: There is no  in font cmr10!
Missing character: There is no  in font cmr10!
Missing character: There is no  in font cmr10!
Missing character: There is no  in font cmr10!
Missing character: There is no  in font cmr10!
Missing character: There is no  in font cmr10!
Missing character: There is no  in font cmr10!
Missing character: There is no  in font cmr10!

Overfull \hbox (16.18681pt too wide) in paragraph at lines 202--202
[]|\OT1/pcr/m/n/10.95 -multi[]placement[]centering| 
 []

Missing character: There is no  in font cmr10!
Missing character: There is no  in font cmr10!
Missing character: There is no  in font cmr10!
Missing character: There is no  in font cmr10!
Missing character: There is no  in font cmr10!
Missing character: There is no  in font cmr10!

Underfull \hbox (badness 10000) in paragraph at lines 202--203
[]|\OT1/cmr/m/n/10.95 1 if
 []


Underfull \hbox (badness 10000) in paragraph at lines 202--203
\OT1/cmr/m/n/10.95 num[]placements
 []

Missing character: There is no  in font cmr10!
Missing character: There is no  in font cmr10!
Missing character: There is no  in font cmr10!
Missing character: There is no  in font cmr10!
Missing character: There is no  in font cmr10!
Missing character: There is no  in font cmr10!

Overfull \hbox (8.86269pt too wide) in paragraph at lines 106--220
 [] 
 []


Overfull \hbox (8.86269pt too wide) in paragraph at lines 106--220
 [] 
 []


Overfull \hbox (8.86269pt too wide) in paragraph at lines 106--220
 [] 
 []


Overfull \hbox (23.08907pt too wide) in paragraph at lines 106--220
 [] 
 []


Overfull \hbox (23.08907pt too wide) in paragraph at lines 106--220
 [] 
 []

File: Images/kulik_logo.png Graphic file (type png)
<use Images/kulik_logo.png>
Package pdftex.def Info: Images/kulik_logo.png used on input line 220.
(pdftex.def)             Requested size: 54.05234pt x 11.89452pt.
 [37]
File: Images/kulik_logo.png Graphic file (type png)
 <use Images/kulik_logo.png>
Package pdftex.def Info: Images/kulik_logo.png used on input line 220.
(pdftex.def)             Requested size: 54.05234pt x 11.89452pt.
 [38]
File: Images/kulik_logo.png Graphic file (type png)

<use Images/kulik_logo.png>
Package pdftex.def Info: Images/kulik_logo.png used on input line 220.
(pdftex.def)             Requested size: 54.05234pt x 11.89452pt.
 [39]
Overfull \vbox (35.34135pt too high) has occurred while \output is active []

File: Images/kulik_logo.png Graphic file (type png)

<use Images/kulik_logo.png>
Package pdftex.def Info: Images/kulik_logo.png used on input line 220.
(pdftex.def)             Requested size: 54.05234pt x 11.89452pt.
 [40])
File: Images/kulik_logo.png Graphic file (type png)
 <use Images/kulik_logo.png>
Package pdftex.def Info: Images/kulik_logo.png used on input line 397.
(pdftex.def)             Requested size: 54.05234pt x 11.89452pt.
 [41]
\openout2 = `Sections/References.aux'.


(./Sections/References.tex (./USER_GUIDE.bblpdfTeX warning (ext4): destination 
with the same identifier (name{cite.Ioannidis2016}) has been already used, dupl
icate ignored
<to be read again> 
                   \relax 
l.3 \bibitem{Ioannidis2016}
                           ))
File: Images/kulik_logo.png Graphic file (type png)
 <use Images/kulik_logo.png>
Package pdftex.def Info: Images/kulik_logo.png used on input line 399.
(pdftex.def)             Requested size: 54.05234pt x 11.89452pt.
 [42


]
Package atveryend Info: Empty hook `BeforeClearDocument' on input line 402.
Package atveryend Info: Empty hook `AfterLastShipout' on input line 402.

(./USER_GUIDE.aux (./Sections/1-General_Info.aux)
(./Sections/2-Installation.aux) (./Sections/10-Commands.aux)
(./Sections/References.aux))
Package atveryend Info: Executing hook `AtVeryEndDocument' on input line 402.
Package atveryend Info: Executing hook `AtEndAfterFileList' on input line 402.
Package rerunfilecheck Info: File `USER_GUIDE.out' has not changed.
(rerunfilecheck)             Checksum: 191CEF9277FF258F766DC2E5ABF41BAF;2648.


LaTeX Warning: There were multiply-defined labels.

 ) 
Here is how much of TeX's memory you used:
 19556 strings out of 494985
 339357 string characters out of 6180356
 491123 words of memory out of 5000000
 22149 multiletter control sequences out of 15000+600000
 17303 words of font info for 70 fonts, out of 8000000 for 9000
 36 hyphenation exceptions out of 8191
 64i,17n,99p,1911b,1817s stack positions out of 5000i,500n,10000p,200000b,80000s
{/usr/share/texlive/texmf-dist/fonts/enc/dvips/base/8r.enc}</usr/share/texliv
e/texmf-dist/fonts/type1/public/amsfonts/cm/cmbx10.pfb></usr/share/texlive/texm
f-dist/fonts/type1/public/amsfonts/cm/cmbx12.pfb></usr/share/texlive/texmf-dist
/fonts/type1/public/amsfonts/cm/cmbxti10.pfb></usr/share/texlive/texmf-dist/fon
ts/type1/public/amsfonts/cm/cmmi10.pfb></usr/share/texlive/texmf-dist/fonts/typ
e1/public/amsfonts/cm/cmmi12.pfb></usr/share/texlive/texmf-dist/fonts/type1/pub
lic/amsfonts/cm/cmmi8.pfb></usr/share/texlive/texmf-dist/fonts/type1/public/ams
fonts/cm/cmr10.pfb></usr/share/texlive/texmf-dist/fonts/type1/public/amsfonts/c
m/cmr12.pfb></usr/share/texlive/texmf-dist/fonts/type1/public/amsfonts/cm/cmr7.
pfb></usr/share/texlive/texmf-dist/fonts/type1/public/amsfonts/cm/cmr8.pfb></us
r/share/texlive/texmf-dist/fonts/type1/public/amsfonts/cm/cmsy10.pfb></usr/shar
e/texlive/texmf-dist/fonts/type1/public/amsfonts/cm/cmti10.pfb></usr/share/texl
ive/texmf-dist/fonts/type1/public/amsfonts/cm/cmti12.pfb></usr/share/texlive/te
xmf-dist/fonts/type1/urw/courier/ucrb8a.pfb></usr/share/texlive/texmf-dist/font
s/type1/urw/courier/ucrr8a.pfb>
Output written on USER_GUIDE.pdf (43 pages, 3520324 bytes).
PDF statistics:
 679 PDF objects out of 1000 (max. 8388607)
 567 compressed objects within 6 object streams
 157 named destinations out of 1000 (max. 500000)
 483 words of extra memory for PDF output out of 10000 (max. 10000000)

